#
# There is insufficient memory for the Java Runtime Environment to continue.
# Native memory allocation (malloc) failed to allocate 32744 bytes for ChunkPool::allocate
# Possible reasons:
#   The system is out of physical RAM or swap space
#   In 32 bit mode, the process size limit was hit
# Possible solutions:
#   Reduce memory load on the system
#   Increase physical memory or swap space
#   Check if swap backing store is full
#   Use 64 bit Java on a 64 bit OS
#   Decrease Java heap size (-Xmx/-Xms)
#   Decrease number of Java threads
#   Decrease Java thread stack sizes (-Xss)
#   Set larger code cache with -XX:ReservedCodeCacheSize=
# This output file may be truncated or incomplete.
#
#  Out of Memory Error (allocation.cpp:273), pid=10192, tid=0x0000000000001694
#
# JRE version: Java(TM) SE Runtime Environment (8.0_152-b16) (build 1.8.0_152-b16)
# Java VM: Java HotSpot(TM) 64-Bit Server VM (25.152-b16 mixed mode windows-amd64 compressed oops)
# Failed to write core dump. Minidumps are not enabled by default on client versions of Windows
#

---------------  T H R E A D  ---------------

Current thread (0x00000000189fc000):  JavaThread "C1 CompilerThread2" daemon [_thread_in_native, id=5780, stack(0x000000001a340000,0x000000001a440000)]

Stack: [0x000000001a340000,0x000000001a440000]
[error occurred during error reporting (printing stack bounds), id 0xc0000005]

Native frames: (J=compiled Java code, j=interpreted, Vv=VM code, C=native code)


Current CompileTask:
C1:   8883 3414   !   2       com.sun.tools.javac.comp.Flow$AssignAnalyzer::visitMethodDef (632 bytes)


---------------  P R O C E S S  ---------------

Java Threads: ( => current thread )
  0x000000001a450800 JavaThread "Service Thread" daemon [_thread_blocked, id=13856, stack(0x000000001a840000,0x000000001a940000)]
=>0x00000000189fc000 JavaThread "C1 CompilerThread2" daemon [_thread_in_native, id=5780, stack(0x000000001a340000,0x000000001a440000)]
  0x00000000189f4800 JavaThread "C2 CompilerThread1" daemon [_thread_in_native, id=8268, stack(0x000000001a240000,0x000000001a340000)]
  0x00000000189f1000 JavaThread "C2 CompilerThread0" daemon [_thread_in_native, id=18168, stack(0x000000001a140000,0x000000001a240000)]
  0x00000000189ec800 JavaThread "Attach Listener" daemon [_thread_blocked, id=5980, stack(0x000000001a040000,0x000000001a140000)]
  0x00000000189fb000 JavaThread "Signal Dispatcher" daemon [_thread_blocked, id=1528, stack(0x0000000019f40000,0x000000001a040000)]
  0x00000000189d9800 JavaThread "Finalizer" daemon [_thread_blocked, id=16304, stack(0x0000000019c50000,0x0000000019d50000)]
  0x00000000051c4000 JavaThread "Reference Handler" daemon [_thread_blocked, id=17840, stack(0x0000000019b50000,0x0000000019c50000)]
  0x00000000050d3800 JavaThread "main" [_thread_in_Java, id=10832, stack(0x0000000004f80000,0x0000000005080000)]

Other Threads:
  0x00000000189b7800 VMThread [stack: 0x0000000019a50000,0x0000000019b50000] [id=8524]
  0x0000000018a4b800 WatcherThread [stack: 0x000000001a940000,0x000000001aa40000] [id=15124]

VM state:not at safepoint (normal execution)

VM Mutex/Monitor currently owned by a thread: None

Heap:
 PSYoungGen      total 114688K, used 18613K [0x00000000e0c00000, 0x00000000e9600000, 0x0000000100000000)
  eden space 94208K, 1% used [0x00000000e0c00000,0x00000000e0dcf538,0x00000000e6800000)
  from space 20480K, 81% used [0x00000000e7e00000,0x00000000e8e5e148,0x00000000e9200000)
  to   space 22528K, 0% used [0x00000000e6800000,0x00000000e6800000,0x00000000e7e00000)
 ParOldGen       total 64512K, used 24428K [0x00000000a2400000, 0x00000000a6300000, 0x00000000e0c00000)
  object space 64512K, 37% used [0x00000000a2400000,0x00000000a3bdb000,0x00000000a6300000)
 Metaspace       used 14342K, capacity 14472K, committed 14720K, reserved 1062912K
  class space    used 1516K, capacity 1558K, committed 1664K, reserved 1048576K

Card table byte_map: [0x0000000014590000,0x0000000014880000] byte_map_base: 0x000000001407e000

Marking Bits: (ParMarkBitMap*) 0x0000000076ac0860
 Begin Bits: [0x0000000014e80000, 0x00000000165f0000)
 End Bits:   [0x00000000165f0000, 0x0000000017d60000)

Polling page: 0x0000000004f20000

CodeCache: size=245760Kb used=13522Kb max_used=13522Kb free=232237Kb
 bounds [0x00000000051d0000, 0x0000000005f20000, 0x00000000141d0000]
 total_blobs=3508 nmethods=3163 adapters=256
 compilation: enabled

Compilation events (10 events):
Event: 8.678 Thread 0x00000000189fc000 nmethod 3409 0x0000000005f0f9d0 code [0x0000000005f0fb40, 0x0000000005f0fca8]
Event: 8.693 Thread 0x00000000189fc000 3410       2       com.sun.tools.javac.jvm.Gen$2::gen (214 bytes)
Event: 8.694 Thread 0x00000000189fc000 nmethod 3410 0x0000000005f0fd50 code [0x0000000005f0ffc0, 0x0000000005f109b8]
Event: 8.694 Thread 0x00000000189fc000 3411       2       com.sun.tools.javac.jvm.Gen$2::genLast (30 bytes)
Event: 8.694 Thread 0x00000000189fc000 nmethod 3411 0x0000000005f11490 code [0x0000000005f11600, 0x0000000005f117a8]
Event: 8.862 Thread 0x00000000189fc000 3412       2       com.sun.tools.javac.tree.JCTree$JCBreak::getTag (4 bytes)
Event: 8.864 Thread 0x00000000189fc000 nmethod 3412 0x0000000005f11890 code [0x0000000005f119e0, 0x0000000005f11b30]
Event: 8.866 Thread 0x00000000189fc000 3413       2       com.sun.tools.javac.tree.TreeScanner::visitBreak (1 bytes)
Event: 8.867 Thread 0x00000000189fc000 nmethod 3413 0x0000000005f11bd0 code [0x0000000005f11d20, 0x0000000005f11e70]
Event: 8.867 Thread 0x00000000189fc000 3414   !   2       com.sun.tools.javac.comp.Flow$AssignAnalyzer::visitMethodDef (632 bytes)

GC Heap History (10 events):
Event: 5.789 GC heap before
{Heap before GC invocations=4 (full 0):
 PSYoungGen      total 28160K, used 28155K [0x00000000e0c00000, 0x00000000e2b00000, 0x0000000100000000)
  eden space 24576K, 100% used [0x00000000e0c00000,0x00000000e2400000,0x00000000e2400000)
  from space 3584K, 99% used [0x00000000e2400000,0x00000000e277edf8,0x00000000e2780000)
  to   space 3584K, 0% used [0x00000000e2780000,0x00000000e2780000,0x00000000e2b00000)
 ParOldGen       total 64512K, used 4514K [0x00000000a2400000, 0x00000000a6300000, 0x00000000e0c00000)
  object space 64512K, 6% used [0x00000000a2400000,0x00000000a28689a8,0x00000000a6300000)
 Metaspace       used 11824K, capacity 11944K, committed 12160K, reserved 1060864K
  class space    used 1356K, capacity 1398K, committed 1408K, reserved 1048576K
Event: 5.799 GC heap after
Heap after GC invocations=4 (full 0):
 PSYoungGen      total 28160K, used 3574K [0x00000000e0c00000, 0x00000000e2b00000, 0x0000000100000000)
  eden space 24576K, 0% used [0x00000000e0c00000,0x00000000e0c00000,0x00000000e2400000)
  from space 3584K, 99% used [0x00000000e2780000,0x00000000e2afdb60,0x00000000e2b00000)
  to   space 3584K, 0% used [0x00000000e2400000,0x00000000e2400000,0x00000000e2780000)
 ParOldGen       total 64512K, used 11234K [0x00000000a2400000, 0x00000000a6300000, 0x00000000e0c00000)
  object space 64512K, 17% used [0x00000000a2400000,0x00000000a2ef8bb0,0x00000000a6300000)
 Metaspace       used 11824K, capacity 11944K, committed 12160K, reserved 1060864K
  class space    used 1356K, capacity 1398K, committed 1408K, reserved 1048576K
}
Event: 6.102 GC heap before
{Heap before GC invocations=5 (full 0):
 PSYoungGen      total 28160K, used 28150K [0x00000000e0c00000, 0x00000000e2b00000, 0x0000000100000000)
  eden space 24576K, 100% used [0x00000000e0c00000,0x00000000e2400000,0x00000000e2400000)
  from space 3584K, 99% used [0x00000000e2780000,0x00000000e2afdb60,0x00000000e2b00000)
  to   space 3584K, 0% used [0x00000000e2400000,0x00000000e2400000,0x00000000e2780000)
 ParOldGen       total 64512K, used 11234K [0x00000000a2400000, 0x00000000a6300000, 0x00000000e0c00000)
  object space 64512K, 17% used [0x00000000a2400000,0x00000000a2ef8bb0,0x00000000a6300000)
 Metaspace       used 11906K, capacity 12072K, committed 12160K, reserved 1060864K
  class space    used 1360K, capacity 1398K, committed 1408K, reserved 1048576K
Event: 6.120 GC heap after
Heap after GC invocations=5 (full 0):
 PSYoungGen      total 28160K, used 3563K [0x00000000e0c00000, 0x00000000e5b00000, 0x0000000100000000)
  eden space 24576K, 0% used [0x00000000e0c00000,0x00000000e0c00000,0x00000000e2400000)
  from space 3584K, 99% used [0x00000000e2400000,0x00000000e277ad18,0x00000000e2780000)
  to   space 15872K, 0% used [0x00000000e4b80000,0x00000000e4b80000,0x00000000e5b00000)
 ParOldGen       total 64512K, used 21405K [0x00000000a2400000, 0x00000000a6300000, 0x00000000e0c00000)
  object space 64512K, 33% used [0x00000000a2400000,0x00000000a38e74e8,0x00000000a6300000)
 Metaspace       used 11906K, capacity 12072K, committed 12160K, reserved 1060864K
  class space    used 1360K, capacity 1398K, committed 1408K, reserved 1048576K
}
Event: 6.475 GC heap before
{Heap before GC invocations=6 (full 0):
 PSYoungGen      total 28160K, used 28139K [0x00000000e0c00000, 0x00000000e5b00000, 0x0000000100000000)
  eden space 24576K, 100% used [0x00000000e0c00000,0x00000000e2400000,0x00000000e2400000)
  from space 3584K, 99% used [0x00000000e2400000,0x00000000e277ad18,0x00000000e2780000)
  to   space 15872K, 0% used [0x00000000e4b80000,0x00000000e4b80000,0x00000000e5b00000)
 ParOldGen       total 64512K, used 21405K [0x00000000a2400000, 0x00000000a6300000, 0x00000000e0c00000)
  object space 64512K, 33% used [0x00000000a2400000,0x00000000a38e74e8,0x00000000a6300000)
 Metaspace       used 12325K, capacity 12392K, committed 12416K, reserved 1060864K
  class space    used 1378K, capacity 1398K, committed 1408K, reserved 1048576K
Event: 6.484 GC heap after
Heap after GC invocations=6 (full 0):
 PSYoungGen      total 64000K, used 11528K [0x00000000e0c00000, 0x00000000e5d00000, 0x0000000100000000)
  eden space 48128K, 0% used [0x00000000e0c00000,0x00000000e0c00000,0x00000000e3b00000)
  from space 15872K, 72% used [0x00000000e4b80000,0x00000000e56c22d8,0x00000000e5b00000)
  to   space 16896K, 0% used [0x00000000e3b00000,0x00000000e3b00000,0x00000000e4b80000)
 ParOldGen       total 64512K, used 21405K [0x00000000a2400000, 0x00000000a6300000, 0x00000000e0c00000)
  object space 64512K, 33% used [0x00000000a2400000,0x00000000a38e74e8,0x00000000a6300000)
 Metaspace       used 12325K, capacity 12392K, committed 12416K, reserved 1060864K
  class space    used 1378K, capacity 1398K, committed 1408K, reserved 1048576K
}
Event: 7.369 GC heap before
{Heap before GC invocations=7 (full 0):
 PSYoungGen      total 64000K, used 59656K [0x00000000e0c00000, 0x00000000e5d00000, 0x0000000100000000)
  eden space 48128K, 100% used [0x00000000e0c00000,0x00000000e3b00000,0x00000000e3b00000)
  from space 15872K, 72% used [0x00000000e4b80000,0x00000000e56c22d8,0x00000000e5b00000)
  to   space 16896K, 0% used [0x00000000e3b00000,0x00000000e3b00000,0x00000000e4b80000)
 ParOldGen       total 64512K, used 21405K [0x00000000a2400000, 0x00000000a6300000, 0x00000000e0c00000)
  object space 64512K, 33% used [0x00000000a2400000,0x00000000a38e74e8,0x00000000a6300000)
 Metaspace       used 13816K, capacity 13960K, committed 14208K, reserved 1062912K
  class space    used 1508K, capacity 1558K, committed 1664K, reserved 1048576K
Event: 7.384 GC heap after
Heap after GC invocations=7 (full 0):
 PSYoungGen      total 65024K, used 16874K [0x00000000e0c00000, 0x00000000e9200000, 0x0000000100000000)
  eden space 48128K, 0% used [0x00000000e0c00000,0x00000000e0c00000,0x00000000e3b00000)
  from space 16896K, 99% used [0x00000000e3b00000,0x00000000e4b7ab28,0x00000000e4b80000)
  to   space 20480K, 0% used [0x00000000e7e00000,0x00000000e7e00000,0x00000000e9200000)
 ParOldGen       total 64512K, used 22690K [0x00000000a2400000, 0x00000000a6300000, 0x00000000e0c00000)
  object space 64512K, 35% used [0x00000000a2400000,0x00000000a3a28a78,0x00000000a6300000)
 Metaspace       used 13816K, capacity 13960K, committed 14208K, reserved 1062912K
  class space    used 1508K, capacity 1558K, committed 1664K, reserved 1048576K
}
Event: 8.812 GC heap before
{Heap before GC invocations=8 (full 0):
 PSYoungGen      total 65024K, used 65002K [0x00000000e0c00000, 0x00000000e9200000, 0x0000000100000000)
  eden space 48128K, 100% used [0x00000000e0c00000,0x00000000e3b00000,0x00000000e3b00000)
  from space 16896K, 99% used [0x00000000e3b00000,0x00000000e4b7ab28,0x00000000e4b80000)
  to   space 20480K, 0% used [0x00000000e7e00000,0x00000000e7e00000,0x00000000e9200000)
 ParOldGen       total 64512K, used 22690K [0x00000000a2400000, 0x00000000a6300000, 0x00000000e0c00000)
  object space 64512K, 35% used [0x00000000a2400000,0x00000000a3a28a78,0x00000000a6300000)
 Metaspace       used 14338K, capacity 14472K, committed 14720K, reserved 1062912K
  class space    used 1516K, capacity 1558K, committed 1664K, reserved 1048576K
Event: 8.852 GC heap after
Heap after GC invocations=8 (full 0):
 PSYoungGen      total 114688K, used 16760K [0x00000000e0c00000, 0x00000000e9600000, 0x0000000100000000)
  eden space 94208K, 0% used [0x00000000e0c00000,0x00000000e0c00000,0x00000000e6800000)
  from space 20480K, 81% used [0x00000000e7e00000,0x00000000e8e5e148,0x00000000e9200000)
  to   space 22528K, 0% used [0x00000000e6800000,0x00000000e6800000,0x00000000e7e00000)
 ParOldGen       total 64512K, used 24428K [0x00000000a2400000, 0x00000000a6300000, 0x00000000e0c00000)
  object space 64512K, 37% used [0x00000000a2400000,0x00000000a3bdb000,0x00000000a6300000)
 Metaspace       used 14338K, capacity 14472K, committed 14720K, reserved 1062912K
  class space    used 1516K, capacity 1558K, committed 1664K, reserved 1048576K
}

Deoptimization events (10 events):
Event: 8.561 Thread 0x00000000050d3800 Uncommon trap: reason=bimorphic action=maybe_recompile pc=0x0000000005d444d8 method=com.sun.tools.javac.code.Types$4.visitClassType(Lcom/sun/tools/javac/code/Type$ClassType;Lcom/sun/tools/javac/code/Type;)Ljava/lang/Boolean; @ 77
Event: 8.600 Thread 0x00000000050d3800 Uncommon trap: reason=bimorphic action=maybe_recompile pc=0x0000000005d4453c method=com.sun.tools.javac.code.Types$4.visitClassType(Lcom/sun/tools/javac/code/Type$ClassType;Lcom/sun/tools/javac/code/Type;)Ljava/lang/Boolean; @ 57
Event: 8.600 Thread 0x00000000050d3800 Uncommon trap: reason=bimorphic action=maybe_recompile pc=0x0000000005d4453c method=com.sun.tools.javac.code.Types$4.visitClassType(Lcom/sun/tools/javac/code/Type$ClassType;Lcom/sun/tools/javac/code/Type;)Ljava/lang/Boolean; @ 57
Event: 8.600 Thread 0x00000000050d3800 Uncommon trap: reason=bimorphic action=maybe_recompile pc=0x0000000005d55068 method=com.sun.tools.javac.code.Types$4.visitClassType(Lcom/sun/tools/javac/code/Type$ClassType;Lcom/sun/tools/javac/code/Type;)Ljava/lang/Boolean; @ 57
Event: 8.643 Thread 0x00000000050d3800 Uncommon trap: reason=bimorphic action=maybe_recompile pc=0x0000000005595980 method=com.sun.tools.javac.jvm.Items$Item.coerce(I)Lcom/sun/tools/javac/jvm/Items$Item; @ 11
Event: 8.666 Thread 0x00000000050d3800 Uncommon trap: reason=bimorphic action=maybe_recompile pc=0x0000000005e1b0ac method=com.sun.tools.javac.code.Types$14.visitClassType(Lcom/sun/tools/javac/code/Type$ClassType;Lcom/sun/tools/javac/code/Symbol;)Lcom/sun/tools/javac/code/Type; @ 82
Event: 8.667 Thread 0x00000000050d3800 Uncommon trap: reason=bimorphic action=maybe_recompile pc=0x0000000005e1b0ac method=com.sun.tools.javac.code.Types$14.visitClassType(Lcom/sun/tools/javac/code/Type$ClassType;Lcom/sun/tools/javac/code/Symbol;)Lcom/sun/tools/javac/code/Type; @ 82
Event: 8.667 Thread 0x00000000050d3800 Uncommon trap: reason=bimorphic action=maybe_recompile pc=0x0000000005e1b0ac method=com.sun.tools.javac.code.Types$14.visitClassType(Lcom/sun/tools/javac/code/Type$ClassType;Lcom/sun/tools/javac/code/Symbol;)Lcom/sun/tools/javac/code/Type; @ 82
Event: 8.667 Thread 0x00000000050d3800 Uncommon trap: reason=bimorphic action=maybe_recompile pc=0x0000000005e1b0ac method=com.sun.tools.javac.code.Types$14.visitClassType(Lcom/sun/tools/javac/code/Type$ClassType;Lcom/sun/tools/javac/code/Symbol;)Lcom/sun/tools/javac/code/Type; @ 82
Event: 8.667 Thread 0x00000000050d3800 Uncommon trap: reason=bimorphic action=maybe_recompile pc=0x0000000005e3e5ec method=com.sun.tools.javac.code.Types$14.visitClassType(Lcom/sun/tools/javac/code/Type$ClassType;Lcom/sun/tools/javac/code/Symbol;)Lcom/sun/tools/javac/code/Type; @ 82

Classes redefined (0 events):
No events

Internal exceptions (10 events):
Event: 4.275 Thread 0x00000000050d3800 Exception <a 'java/security/PrivilegedActionException'> (0x00000000e1780070) thrown at [C:\re\workspace\8-2-build-windows-amd64-cygwin\jdk8u152\9742\hotspot\src\share\vm\prims\jvm.cpp, line 1390]
Event: 4.275 Thread 0x00000000050d3800 Exception <a 'java/security/PrivilegedActionException'> (0x00000000e1780468) thrown at [C:\re\workspace\8-2-build-windows-amd64-cygwin\jdk8u152\9742\hotspot\src\share\vm\prims\jvm.cpp, line 1390]
Event: 4.275 Thread 0x00000000050d3800 Exception <a 'java/security/PrivilegedActionException'> (0x00000000e1781728) thrown at [C:\re\workspace\8-2-build-windows-amd64-cygwin\jdk8u152\9742\hotspot\src\share\vm\prims\jvm.cpp, line 1390]
Event: 4.275 Thread 0x00000000050d3800 Exception <a 'java/security/PrivilegedActionException'> (0x00000000e1781b20) thrown at [C:\re\workspace\8-2-build-windows-amd64-cygwin\jdk8u152\9742\hotspot\src\share\vm\prims\jvm.cpp, line 1390]
Event: 4.275 Thread 0x00000000050d3800 Exception <a 'java/security/PrivilegedActionException'> (0x00000000e1782e70) thrown at [C:\re\workspace\8-2-build-windows-amd64-cygwin\jdk8u152\9742\hotspot\src\share\vm\prims\jvm.cpp, line 1390]
Event: 4.275 Thread 0x00000000050d3800 Exception <a 'java/security/PrivilegedActionException'> (0x00000000e1783268) thrown at [C:\re\workspace\8-2-build-windows-amd64-cygwin\jdk8u152\9742\hotspot\src\share\vm\prims\jvm.cpp, line 1390]
Event: 6.071 Thread 0x00000000050d3800 Exception <a 'java/io/FileNotFoundException'> (0x00000000e1e7fd58) thrown at [C:\re\workspace\8-2-build-windows-amd64-cygwin\jdk8u152\9742\hotspot\src\share\vm\prims\jni.cpp, line 709]
Event: 6.073 Thread 0x00000000050d3800 Exception <a 'java/io/FileNotFoundException'> (0x00000000e1eb7220) thrown at [C:\re\workspace\8-2-build-windows-amd64-cygwin\jdk8u152\9742\hotspot\src\share\vm\prims\jni.cpp, line 709]
Event: 6.101 Thread 0x00000000050d3800 Exception <a 'java/io/FileNotFoundException'> (0x00000000e23f58a8) thrown at [C:\re\workspace\8-2-build-windows-amd64-cygwin\jdk8u152\9742\hotspot\src\share\vm\prims\jni.cpp, line 709]
Event: 6.101 Thread 0x00000000050d3800 Exception <a 'java/io/FileNotFoundException'> (0x00000000e23f67f8) thrown at [C:\re\workspace\8-2-build-windows-amd64-cygwin\jdk8u152\9742\hotspot\src\share\vm\prims\jni.cpp, line 709]

Events (10 events):
Event: 8.667 Thread 0x00000000050d3800 Uncommon trap: trap_request=0xffffffc6 fr.pc=0x0000000005e1b0ac
Event: 8.667 Thread 0x00000000050d3800 DEOPT PACKING pc=0x0000000005e1b0ac sp=0x000000000507b9e0
Event: 8.667 Thread 0x00000000050d3800 DEOPT UNPACKING pc=0x000000000521582a sp=0x000000000507b928 mode 2
Event: 8.667 Thread 0x00000000050d3800 Uncommon trap: trap_request=0xffffffc6 fr.pc=0x0000000005e3e5ec
Event: 8.667 Thread 0x00000000050d3800 DEOPT PACKING pc=0x0000000005e3e5ec sp=0x000000000507ba80
Event: 8.667 Thread 0x00000000050d3800 DEOPT UNPACKING pc=0x000000000521582a sp=0x000000000507ba48 mode 2
Event: 8.674 Thread 0x00000000050d3800 DEOPT PACKING pc=0x0000000005d7717c sp=0x000000000507c930
Event: 8.674 Thread 0x00000000050d3800 DEOPT UNPACKING pc=0x000000000521787f sp=0x000000000507c6d0 mode 0
Event: 8.812 Executing VM operation: ParallelGCFailedAllocation
Event: 8.852 Executing VM operation: ParallelGCFailedAllocation done


Dynamic libraries:
0x00007ff67f930000 - 0x00007ff67f967000 	C:\Program Files\Java\jdk1.8.0_152\bin\javaw.exe
0x00007ffab86d0000 - 0x00007ffab88b0000 	C:\WINDOWS\SYSTEM32\ntdll.dll
0x00007ffab7ae0000 - 0x00007ffab7b8e000 	C:\WINDOWS\System32\KERNEL32.DLL
0x00007ffab5930000 - 0x00007ffab5b96000 	C:\WINDOWS\System32\KERNELBASE.dll
0x00007ffab65e0000 - 0x00007ffab6681000 	C:\WINDOWS\System32\ADVAPI32.dll
0x00007ffab8280000 - 0x00007ffab831d000 	C:\WINDOWS\System32\msvcrt.dll
0x00007ffab5c30000 - 0x00007ffab5c8b000 	C:\WINDOWS\System32\sechost.dll
0x00007ffab64c0000 - 0x00007ffab65df000 	C:\WINDOWS\System32\RPCRT4.dll
0x00007ffab7b90000 - 0x00007ffab7d1f000 	C:\WINDOWS\System32\USER32.dll
0x00007ffab5910000 - 0x00007ffab5930000 	C:\WINDOWS\System32\win32u.dll
0x00007ffab8550000 - 0x00007ffab8578000 	C:\WINDOWS\System32\GDI32.dll
0x00007ffab4ad0000 - 0x00007ffab4c63000 	C:\WINDOWS\System32\gdi32full.dll
0x00007ffab5870000 - 0x00007ffab590b000 	C:\WINDOWS\System32\msvcp_win.dll
0x00007ffab4d70000 - 0x00007ffab4e66000 	C:\WINDOWS\System32\ucrtbase.dll
0x00007ffaa7580000 - 0x00007ffaa77e9000 	C:\WINDOWS\WinSxS\amd64_microsoft.windows.common-controls_6595b64144ccf1df_6.0.16299.192_none_15c8cdae9364c23b\COMCTL32.dll
0x00007ffab5ef0000 - 0x00007ffab61f8000 	C:\WINDOWS\System32\combase.dll
0x00007ffab4e70000 - 0x00007ffab4ee2000 	C:\WINDOWS\System32\bcryptPrimitives.dll
0x00007ffab8380000 - 0x00007ffab83ad000 	C:\WINDOWS\System32\IMM32.DLL
0x0000000076b40000 - 0x0000000076c12000 	C:\Program Files\Java\jdk1.8.0_152\jre\bin\msvcr100.dll
0x00000000762a0000 - 0x0000000076b40000 	C:\Program Files\Java\jdk1.8.0_152\jre\bin\server\jvm.dll
0x00007ffab5d60000 - 0x00007ffab5d68000 	C:\WINDOWS\System32\PSAPI.DLL
0x00007ffab2a10000 - 0x00007ffab2a33000 	C:\WINDOWS\SYSTEM32\WINMM.dll
0x00007ffaa7b20000 - 0x00007ffaa7b29000 	C:\WINDOWS\SYSTEM32\WSOCK32.dll
0x00007ffaac770000 - 0x00007ffaac77a000 	C:\WINDOWS\SYSTEM32\VERSION.dll
0x00007ffab5d70000 - 0x00007ffab5ddc000 	C:\WINDOWS\System32\WS2_32.dll
0x00007ffab29b0000 - 0x00007ffab29da000 	C:\WINDOWS\SYSTEM32\WINMMBASE.dll
0x00007ffab4c70000 - 0x00007ffab4cba000 	C:\WINDOWS\System32\cfgmgr32.dll
0x00000000500b0000 - 0x00000000500bf000 	C:\Program Files\Java\jdk1.8.0_152\jre\bin\verify.dll
0x0000000050080000 - 0x00000000500a9000 	C:\Program Files\Java\jdk1.8.0_152\jre\bin\java.dll
0x0000000050060000 - 0x0000000050076000 	C:\Program Files\Java\jdk1.8.0_152\jre\bin\zip.dll
0x00007ffab6690000 - 0x00007ffab7ac6000 	C:\WINDOWS\System32\SHELL32.dll
0x00007ffab81d0000 - 0x00007ffab8276000 	C:\WINDOWS\System32\shcore.dll
0x00007ffab5120000 - 0x00007ffab5867000 	C:\WINDOWS\System32\windows.storage.dll
0x00007ffab8170000 - 0x00007ffab81c1000 	C:\WINDOWS\System32\shlwapi.dll
0x00007ffab4a60000 - 0x00007ffab4a71000 	C:\WINDOWS\System32\kernel.appcore.dll
0x00007ffab4a80000 - 0x00007ffab4acc000 	C:\WINDOWS\System32\powrprof.dll
0x00007ffab4a40000 - 0x00007ffab4a5b000 	C:\WINDOWS\System32\profapi.dll
0x0000000050040000 - 0x000000005005a000 	C:\Program Files\Java\jdk1.8.0_152\jre\bin\net.dll
0x00007ffab4250000 - 0x00007ffab42b6000 	C:\WINDOWS\system32\mswsock.dll

VM Arguments:
jvm_args: -Dbuild.compiler=javac1.7 -Dant.home=C:\MySW\eclipseGit\plugins\org.apache.ant_1.8.4.v201303080030 -Dant.library.dir=C:\MySW\eclipseGit\plugins\org.apache.ant_1.8.4.v201303080030\lib -Djava.library.path=C:\MySW\eclipseGit;C:\WINDOWS\Sun\Java\bin;C:\WINDOWS\system32;C:\WINDOWS;C:/Program Files/Java/jre1.8.0_191/bin/server;C:/Program Files/Java/jre1.8.0_191/bin;C:/Program Files/Java/jre1.8.0_191/lib/amd64;C:\Program Files (x86)\Common Files\Oracle\Java\javapath;C:\MySW\oraclexe\app\oracle\product\11.2.0\server\bin;C:\ProgramData\Oracle\Java\javapath;C:\WINDOWS\system32;C:\WINDOWS;C:\WINDOWS\System32\Wbem;C:\WINDOWS\System32\WindowsPowerShell\v1.0\;c:\Program Files\Microsoft SQL Server\110\Tools\Binn\;c:\Program Files (x86)\Microsoft SQL Server\110\Tools\Binn\ManagementStudio\;c:\Program Files (x86)\Microsoft SQL Server\110\Tools\Binn\;c:\Program Files (x86)\Microsoft SQL Server\110\DTS\Binn\;c:\Program Files\Microsoft SQL Server\110\DTS\Binn\;C:\Program Files (x86)\Microsoft SDKs\TypeScript\1.0\;C:\Program Files\Microsoft SQL Server\120\Tools\Binn\;C:\MySW\TortoiseSVN\bin;C:\MyFiles\PDTool\VCSClients\TFS_TEE_client;C:\MyFiles\PDTool\VCSClients\GIT_client\Git\cmd;C:\MyFiles\PDTool\VCSClients\GIT_client\Git\bin;C:\MyFiles\PDTool\VCSClients\SVN_client;C:\Program Files\MIT\Kerberos\bin;C:\Users\mtinius\AppData\Local\Microsoft\WindowsApps;;C:\MySW\eclipseGit;;.;C:\MySW\eclipseGit\configuration\org.eclipse.osgi\bundles\210\1\.cp -Dfile.encoding=UTF-8 
java_command: org.eclipse.ant.internal.launching.remote.InternalAntRunner -Dorg.eclipse.ant.core.ANT_PROCESS_ID=1547571022476 -Declipse.connect.port=59762 -Declipse.pdebuild.home=/C:/MySW/eclipseGit/plugins/org.eclipse.pde.build_3.8.100.v20130514-1028/./ -Declipse.pdebuild.scripts=/C:/MySW/eclipseGit/plugins/org.eclipse.pde.build_3.8.100.v20130514-1028/scripts/ -Declipse.pdebuild.templates=/C:/MySW/eclipseGit/plugins/org.eclipse.pde.build_3.8.100.v20130514-1028/templates/ -DDV_HOME=C:\MySW\CIS7.0.5 -Dant.home=C:\MySW\eclipseGit\plugins\org.apache.ant_1.8.4.v201303080030 -logger org.eclipse.ant.internal.launching.remote.logger.RemoteAntBuildLogger -inputhandler org.eclipse.ant.internal.ui.antsupport.inputhandler.ProxyInputHandler -buildfile C:\MyFiles\git\ASAssets_GIT_Repo\PDTool\build7.0.0.xml
java_class_path (initial): C:\MySW\eclipseGit\plugins\org.apache.ant_1.8.4.v201303080030\lib\ant-antlr.jar;C:\MySW\eclipseGit\plugins\org.apache.ant_1.8.4.v201303080030\lib\ant-apache-bcel.jar;C:\MySW\eclipseGit\plugins\org.apache.ant_1.8.4.v201303080030\lib\ant-apache-bsf.jar;C:\MySW\eclipseGit\plugins\org.apache.ant_1.8.4.v201303080030\lib\ant-apache-log4j.jar;C:\MySW\eclipseGit\plugins\org.apache.ant_1.8.4.v201303080030\lib\ant-apache-oro.jar;C:\MySW\eclipseGit\plugins\org.apache.ant_1.8.4.v201303080030\lib\ant-apache-regexp.jar;C:\MySW\eclipseGit\plugins\org.apache.ant_1.8.4.v201303080030\lib\ant-apache-resolver.jar;C:\MySW\eclipseGit\plugins\org.apache.ant_1.8.4.v201303080030\lib\ant-apache-xalan2.jar;C:\MySW\eclipseGit\plugins\org.apache.ant_1.8.4.v201303080030\lib\ant-commons-logging.jar;C:\MySW\eclipseGit\plugins\org.apache.ant_1.8.4.v201303080030\lib\ant-commons-net.jar;C:\MySW\eclipseGit\plugins\org.apache.ant_1.8.4.v201303080030\lib\ant-jai.jar;C:\MySW\eclipseGit\plugins\org.apache.ant_1.8.4.v201303080030\lib\ant-javamail.jar;C:\MySW\eclipseGit\plugins\org.apache.ant_1.8.4.v201303080030\lib\ant-jdepend.jar;C:\MySW\eclipseGit\plugins\org.apache.ant_1.8.4.v201303080030\lib\ant-jmf.jar;C:\MySW\eclipseGit\plugins\org.apache.ant_1.8.4.v201303080030\lib\ant-jsch.jar;C:\MySW\eclipseGit\plugins\org.apache.ant_1.8.4.v201303080030\lib\ant-junit.jar;C:\MySW\eclipseGit\plugins\org.apache.ant_1.8.4.v201303080030\lib\ant-junit4.jar;C:\MySW\eclipseGit\plugins\org.apache.ant_1.8.4.v201303080030\lib\ant-launcher.jar;C:\MySW\eclipseGit\plugins\org.apache.ant_1.8.4.v201303080030\lib\ant-netrexx.jar;C:\MySW\eclipseGit\plugins\org.apache.ant_1.8.4.v201303080030\lib\ant-swing.jar;C:\MySW\eclipseGit\plugins\org.apache.ant_1.8.4.v201303080030\lib\ant-testutil.jar;C:\MySW\eclipseGit\plugins\org.apache.ant_1.8.4.v201303080030\lib\ant.jar;C:\MySW\eclipseGit\configuration\org.eclipse.osgi\bundles\28\1\.cp\lib\antdebug.jar;C:\MySW\eclipseGit\configuration\org.eclipse.osgi\bundles\2
Launcher Type: SUN_STANDARD

Environment Variables:
PATH=C:/Program Files/Java/jre1.8.0_191/bin/server;C:/Program Files/Java/jre1.8.0_191/bin;C:/Program Files/Java/jre1.8.0_191/lib/amd64;C:\Program Files (x86)\Common Files\Oracle\Java\javapath;C:\MySW\oraclexe\app\oracle\product\11.2.0\server\bin;C:\ProgramData\Oracle\Java\javapath;C:\WINDOWS\system32;C:\WINDOWS;C:\WINDOWS\System32\Wbem;C:\WINDOWS\System32\WindowsPowerShell\v1.0\;c:\Program Files\Microsoft SQL Server\110\Tools\Binn\;c:\Program Files (x86)\Microsoft SQL Server\110\Tools\Binn\ManagementStudio\;c:\Program Files (x86)\Microsoft SQL Server\110\Tools\Binn\;c:\Program Files (x86)\Microsoft SQL Server\110\DTS\Binn\;c:\Program Files\Microsoft SQL Server\110\DTS\Binn\;C:\Program Files (x86)\Microsoft SDKs\TypeScript\1.0\;C:\Program Files\Microsoft SQL Server\120\Tools\Binn\;C:\MySW\TortoiseSVN\bin;C:\MyFiles\PDTool\VCSClients\TFS_TEE_client;C:\MyFiles\PDTool\VCSClients\GIT_client\Git\cmd;C:\MyFiles\PDTool\VCSClients\GIT_client\Git\bin;C:\MyFiles\PDTool\VCSClients\SVN_client;C:\Program Files\MIT\Kerberos\bin;C:\Users\mtinius\AppData\Local\Microsoft\WindowsApps;;C:\MySW\eclipseGit;
USERNAME=mtinius
OS=Windows_NT
PROCESSOR_IDENTIFIER=Intel64 Family 6 Model 158 Stepping 9, GenuineIntel



---------------  S Y S T E M  ---------------

OS: Windows 10.0 , 64 bit Build 16299 (10.0.16299.15)

CPU:total 4 (initial active 4) (4 cores per cpu, 1 threads per core) family 6 model 158 stepping 9, cmov, cx8, fxsr, mmx, sse, sse2, sse3, ssse3, sse4.1, sse4.2, popcnt, avx, avx2, aes, clmul, erms, rtm, 3dnowpref, lzcnt, tsc, tscinvbit, bmi1, bmi2, adx

Memory: 4k page, physical 6143476k(365308k free), swap 19186376k(3140k free)

vm_info: Java HotSpot(TM) 64-Bit Server VM (25.152-b16) for windows-amd64 JRE (1.8.0_152-b16), built on Sep 14 2017 02:29:36 by "java_re" with MS VC++ 10.0 (VS2010)

time: Tue Jan 15 11:50:31 2019
elapsed time: 8 seconds (0d 0h 0m 8s)

